[0.068s] DEBUG:colcon:Command line arguments: ['/usr/bin/colcon', 'build', '--symlink-install']
[0.068s] DEBUG:colcon:Parsed command line arguments: Namespace(log_base=None, log_level=None, verb_name='build', build_base='build', install_base='install', merge_install=False, symlink_install=True, test_result_base=None, continue_on_error=False, executor='parallel', parallel_workers=8, event_handlers=None, ignore_user_meta=False, metas=['./colcon.meta'], base_paths=['.'], packages_ignore=None, packages_ignore_regex=None, paths=None, packages_up_to=None, packages_up_to_regex=None, packages_above=None, packages_above_and_dependencies=None, packages_above_depth=None, packages_select_by_dep=None, packages_skip_by_dep=None, packages_skip_up_to=None, packages_select_build_failed=False, packages_skip_build_finished=False, packages_select_test_failures=False, packages_skip_test_passed=False, packages_select=None, packages_skip=None, packages_select_regex=None, packages_skip_regex=None, packages_start=None, packages_end=None, allow_overriding=[], cmake_args=None, cmake_target=None, cmake_target_skip_unavailable=False, cmake_clean_cache=False, cmake_clean_first=False, cmake_force_configure=False, ament_cmake_args=None, catkin_cmake_args=None, catkin_skip_building_tests=False, mixin_files=None, mixin=None, verb_parser=<colcon_mixin.mixin.mixin_argument.MixinArgumentDecorator object at 0x79bcb6a43700>, verb_extension=<colcon_core.verb.build.BuildVerb object at 0x79bcb6b8c5b0>, main=<bound method BuildVerb.main of <colcon_core.verb.build.BuildVerb object at 0x79bcb6b8c5b0>>, mixin_verb=('build',))
[0.174s] Level 1:colcon.colcon_core.package_discovery:discover_packages(colcon_meta) check parameters
[0.174s] Level 1:colcon.colcon_core.package_discovery:discover_packages(recursive) check parameters
[0.174s] Level 1:colcon.colcon_core.package_discovery:discover_packages(ignore) check parameters
[0.174s] Level 1:colcon.colcon_core.package_discovery:discover_packages(path) check parameters
[0.174s] Level 1:colcon.colcon_core.package_discovery:discover_packages(colcon_meta) discover
[0.174s] Level 1:colcon.colcon_core.package_discovery:discover_packages(recursive) discover
[0.174s] INFO:colcon.colcon_core.package_discovery:Crawling recursively for packages in '/home/syfe/Desktop/ros2_hehe'
[0.174s] Level 1:colcon.colcon_core.package_identification:_identify(.) by extensions ['ignore', 'ignore_ament_install']
[0.175s] Level 1:colcon.colcon_core.package_identification:_identify(.) by extension 'ignore'
[0.175s] Level 1:colcon.colcon_core.package_identification:_identify(.) by extension 'ignore_ament_install'
[0.175s] Level 1:colcon.colcon_core.package_identification:_identify(.) by extensions ['colcon_pkg']
[0.175s] Level 1:colcon.colcon_core.package_identification:_identify(.) by extension 'colcon_pkg'
[0.175s] Level 1:colcon.colcon_core.package_identification:_identify(.) by extensions ['colcon_meta']
[0.175s] Level 1:colcon.colcon_core.package_identification:_identify(.) by extension 'colcon_meta'
[0.175s] Level 1:colcon.colcon_core.package_identification:_identify(.) by extensions ['ros']
[0.175s] Level 1:colcon.colcon_core.package_identification:_identify(.) by extension 'ros'
[0.182s] Level 1:colcon.colcon_core.package_identification:_identify(.) by extensions ['cmake', 'python']
[0.182s] Level 1:colcon.colcon_core.package_identification:_identify(.) by extension 'cmake'
[0.182s] Level 1:colcon.colcon_core.package_identification:_identify(.) by extension 'python'
[0.182s] Level 1:colcon.colcon_core.package_identification:_identify(.) by extensions ['python_setup_py']
[0.182s] Level 1:colcon.colcon_core.package_identification:_identify(.) by extension 'python_setup_py'
[0.182s] Level 1:colcon.colcon_core.package_identification:_identify(build) by extensions ['ignore', 'ignore_ament_install']
[0.182s] Level 1:colcon.colcon_core.package_identification:_identify(build) by extension 'ignore'
[0.182s] Level 1:colcon.colcon_core.package_identification:_identify(build) ignored
[0.182s] Level 1:colcon.colcon_core.package_identification:_identify(install) by extensions ['ignore', 'ignore_ament_install']
[0.182s] Level 1:colcon.colcon_core.package_identification:_identify(install) by extension 'ignore'
[0.182s] Level 1:colcon.colcon_core.package_identification:_identify(install) ignored
[0.182s] Level 1:colcon.colcon_core.package_identification:_identify(log) by extensions ['ignore', 'ignore_ament_install']
[0.182s] Level 1:colcon.colcon_core.package_identification:_identify(log) by extension 'ignore'
[0.182s] Level 1:colcon.colcon_core.package_identification:_identify(log) ignored
[0.182s] Level 1:colcon.colcon_core.package_identification:_identify(mycontroller) by extensions ['ignore', 'ignore_ament_install']
[0.182s] Level 1:colcon.colcon_core.package_identification:_identify(mycontroller) by extension 'ignore'
[0.182s] Level 1:colcon.colcon_core.package_identification:_identify(mycontroller) by extension 'ignore_ament_install'
[0.182s] Level 1:colcon.colcon_core.package_identification:_identify(mycontroller) by extensions ['colcon_pkg']
[0.182s] Level 1:colcon.colcon_core.package_identification:_identify(mycontroller) by extension 'colcon_pkg'
[0.182s] Level 1:colcon.colcon_core.package_identification:_identify(mycontroller) by extensions ['colcon_meta']
[0.182s] Level 1:colcon.colcon_core.package_identification:_identify(mycontroller) by extension 'colcon_meta'
[0.182s] Level 1:colcon.colcon_core.package_identification:_identify(mycontroller) by extensions ['ros']
[0.182s] Level 1:colcon.colcon_core.package_identification:_identify(mycontroller) by extension 'ros'
[0.184s] DEBUG:colcon.colcon_core.package_identification:Package 'mycontroller' with type 'ros.ament_python' and name 'mycontroller'
[0.184s] Level 1:colcon.colcon_core.package_discovery:discover_packages(recursive) using defaults
[0.184s] Level 1:colcon.colcon_core.package_discovery:discover_packages(ignore) discover
[0.184s] Level 1:colcon.colcon_core.package_discovery:discover_packages(ignore) using defaults
[0.184s] Level 1:colcon.colcon_core.package_discovery:discover_packages(path) discover
[0.184s] Level 1:colcon.colcon_core.package_discovery:discover_packages(path) using defaults
[0.204s] Level 1:colcon.colcon_core.package_discovery:discover_packages(prefix_path) check parameters
[0.204s] Level 1:colcon.colcon_core.package_discovery:discover_packages(prefix_path) discover
[0.205s] DEBUG:colcon.colcon_installed_package_information.package_discovery:Found 15 installed packages in /home/syfe/turtlebot3_ws/install
[0.206s] DEBUG:colcon.colcon_installed_package_information.package_discovery:Found 399 installed packages in /opt/ros/humble
[0.207s] Level 1:colcon.colcon_core.package_discovery:discover_packages(prefix_path) using defaults
[0.234s] Level 5:colcon.colcon_core.verb:set package 'mycontroller' build argument 'cmake_args' from command line to 'None'
[0.234s] Level 5:colcon.colcon_core.verb:set package 'mycontroller' build argument 'cmake_target' from command line to 'None'
[0.234s] Level 5:colcon.colcon_core.verb:set package 'mycontroller' build argument 'cmake_target_skip_unavailable' from command line to 'False'
[0.234s] Level 5:colcon.colcon_core.verb:set package 'mycontroller' build argument 'cmake_clean_cache' from command line to 'False'
[0.234s] Level 5:colcon.colcon_core.verb:set package 'mycontroller' build argument 'cmake_clean_first' from command line to 'False'
[0.234s] Level 5:colcon.colcon_core.verb:set package 'mycontroller' build argument 'cmake_force_configure' from command line to 'False'
[0.234s] Level 5:colcon.colcon_core.verb:set package 'mycontroller' build argument 'ament_cmake_args' from command line to 'None'
[0.234s] Level 5:colcon.colcon_core.verb:set package 'mycontroller' build argument 'catkin_cmake_args' from command line to 'None'
[0.234s] Level 5:colcon.colcon_core.verb:set package 'mycontroller' build argument 'catkin_skip_building_tests' from command line to 'False'
[0.234s] DEBUG:colcon.colcon_core.verb:Building package 'mycontroller' with the following arguments: {'ament_cmake_args': None, 'build_base': '/home/syfe/Desktop/ros2_hehe/build/mycontroller', 'catkin_cmake_args': None, 'catkin_skip_building_tests': False, 'cmake_args': None, 'cmake_clean_cache': False, 'cmake_clean_first': False, 'cmake_force_configure': False, 'cmake_target': None, 'cmake_target_skip_unavailable': False, 'install_base': '/home/syfe/Desktop/ros2_hehe/install/mycontroller', 'merge_install': False, 'path': '/home/syfe/Desktop/ros2_hehe/mycontroller', 'symlink_install': True, 'test_result_base': None}
[0.234s] INFO:colcon.colcon_core.executor:Executing jobs using 'parallel' executor
[0.235s] DEBUG:colcon.colcon_parallel_executor.executor.parallel:run_until_complete
[0.235s] INFO:colcon.colcon_ros.task.ament_python.build:Building ROS package in '/home/syfe/Desktop/ros2_hehe/mycontroller' with build type 'ament_python'
[0.235s] Level 1:colcon.colcon_core.shell:create_environment_hook('mycontroller', 'ament_prefix_path')
[0.239s] INFO:colcon.colcon_core.plugin_system:Skipping extension 'colcon_core.shell.bat': Not used on non-Windows systems
[0.239s] INFO:colcon.colcon_core.shell:Creating environment hook '/home/syfe/Desktop/ros2_hehe/install/mycontroller/share/mycontroller/hook/ament_prefix_path.ps1'
[0.240s] INFO:colcon.colcon_core.shell:Creating environment descriptor '/home/syfe/Desktop/ros2_hehe/install/mycontroller/share/mycontroller/hook/ament_prefix_path.dsv'
[0.240s] INFO:colcon.colcon_core.shell:Creating environment hook '/home/syfe/Desktop/ros2_hehe/install/mycontroller/share/mycontroller/hook/ament_prefix_path.sh'
[0.240s] INFO:colcon.colcon_core.shell:Skip shell extension 'powershell' for command environment: Not usable outside of PowerShell
[0.240s] DEBUG:colcon.colcon_core.shell:Skip shell extension 'dsv' for command environment
[0.406s] INFO:colcon.colcon_core.task.python.build:Building Python package in '/home/syfe/Desktop/ros2_hehe/mycontroller'
[0.406s] INFO:colcon.colcon_core.shell:Skip shell extension 'powershell' for command environment: Not usable outside of PowerShell
[0.406s] DEBUG:colcon.colcon_core.shell:Skip shell extension 'dsv' for command environment
[0.734s] DEBUG:colcon.colcon_core.event_handler.log_command:Invoking command in '/home/syfe/Desktop/ros2_hehe/build/mycontroller': PYTHONPATH=/home/syfe/Desktop/ros2_hehe/build/mycontroller/prefix_override:/usr/lib/python3/dist-packages/colcon_core/task/python/colcon_distutils_commands:/home/syfe/Desktop/ros2_hehe/install/mycontroller/lib/python3.10/site-packages:${PYTHONPATH} /usr/bin/python3 -W ignore:setup.py install is deprecated -W ignore:easy_install command is deprecated setup.py develop --editable --build-directory /home/syfe/Desktop/ros2_hehe/build/mycontroller/build --no-deps symlink_data
[1.014s] Level 1:colcon.colcon_core.shell:create_environment_hook('mycontroller', 'pythonpath_develop')
[1.014s] DEBUG:colcon.colcon_core.event_handler.log_command:Invoked command in '/home/syfe/Desktop/ros2_hehe/build/mycontroller' returned '0': PYTHONPATH=/home/syfe/Desktop/ros2_hehe/build/mycontroller/prefix_override:/usr/lib/python3/dist-packages/colcon_core/task/python/colcon_distutils_commands:/home/syfe/Desktop/ros2_hehe/install/mycontroller/lib/python3.10/site-packages:${PYTHONPATH} /usr/bin/python3 -W ignore:setup.py install is deprecated -W ignore:easy_install command is deprecated setup.py develop --editable --build-directory /home/syfe/Desktop/ros2_hehe/build/mycontroller/build --no-deps symlink_data
[1.015s] INFO:colcon.colcon_core.shell:Creating environment hook '/home/syfe/Desktop/ros2_hehe/build/mycontroller/share/mycontroller/hook/pythonpath_develop.ps1'
[1.016s] INFO:colcon.colcon_core.shell:Creating environment descriptor '/home/syfe/Desktop/ros2_hehe/build/mycontroller/share/mycontroller/hook/pythonpath_develop.dsv'
[1.017s] INFO:colcon.colcon_core.shell:Creating environment hook '/home/syfe/Desktop/ros2_hehe/build/mycontroller/share/mycontroller/hook/pythonpath_develop.sh'
[1.022s] Level 1:colcon.colcon_core.environment:checking '/home/syfe/Desktop/ros2_hehe/install/mycontroller' for CMake module files
[1.022s] Level 1:colcon.colcon_core.environment:checking '/home/syfe/Desktop/ros2_hehe/install/mycontroller' for CMake config files
[1.023s] Level 1:colcon.colcon_core.environment:checking '/home/syfe/Desktop/ros2_hehe/install/mycontroller/lib'
[1.023s] Level 1:colcon.colcon_core.environment:checking '/home/syfe/Desktop/ros2_hehe/install/mycontroller/bin'
[1.023s] Level 1:colcon.colcon_core.environment:checking '/home/syfe/Desktop/ros2_hehe/install/mycontroller/lib/pkgconfig/mycontroller.pc'
[1.024s] Level 1:colcon.colcon_core.environment:checking '/home/syfe/Desktop/ros2_hehe/install/mycontroller/lib/python3.10/site-packages'
[1.024s] Level 1:colcon.colcon_core.shell:create_environment_hook('mycontroller', 'pythonpath')
[1.024s] INFO:colcon.colcon_core.shell:Creating environment hook '/home/syfe/Desktop/ros2_hehe/install/mycontroller/share/mycontroller/hook/pythonpath.ps1'
[1.024s] INFO:colcon.colcon_core.shell:Creating environment descriptor '/home/syfe/Desktop/ros2_hehe/install/mycontroller/share/mycontroller/hook/pythonpath.dsv'
[1.025s] INFO:colcon.colcon_core.shell:Creating environment hook '/home/syfe/Desktop/ros2_hehe/install/mycontroller/share/mycontroller/hook/pythonpath.sh'
[1.026s] Level 1:colcon.colcon_core.environment:checking '/home/syfe/Desktop/ros2_hehe/install/mycontroller/bin'
[1.026s] Level 1:colcon.colcon_core.environment:create_environment_scripts_only(mycontroller)
[1.026s] INFO:colcon.colcon_core.shell:Creating package script '/home/syfe/Desktop/ros2_hehe/install/mycontroller/share/mycontroller/package.ps1'
[1.027s] INFO:colcon.colcon_core.shell:Creating package descriptor '/home/syfe/Desktop/ros2_hehe/install/mycontroller/share/mycontroller/package.dsv'
[1.027s] INFO:colcon.colcon_core.shell:Creating package script '/home/syfe/Desktop/ros2_hehe/install/mycontroller/share/mycontroller/package.sh'
[1.028s] INFO:colcon.colcon_core.shell:Creating package script '/home/syfe/Desktop/ros2_hehe/install/mycontroller/share/mycontroller/package.bash'
[1.028s] INFO:colcon.colcon_core.shell:Creating package script '/home/syfe/Desktop/ros2_hehe/install/mycontroller/share/mycontroller/package.zsh'
[1.029s] Level 1:colcon.colcon_core.environment:create_file_with_runtime_dependencies(/home/syfe/Desktop/ros2_hehe/install/mycontroller/share/colcon-core/packages/mycontroller)
[1.029s] DEBUG:colcon.colcon_parallel_executor.executor.parallel:closing loop
[1.029s] DEBUG:colcon.colcon_parallel_executor.executor.parallel:loop closed
[1.029s] DEBUG:colcon.colcon_parallel_executor.executor.parallel:run_until_complete finished with '0'
[1.029s] DEBUG:colcon.colcon_core.event_reactor:joining thread
[1.033s] INFO:colcon.colcon_core.plugin_system:Skipping extension 'colcon_notification.desktop_notification.terminal_notifier': Not used on non-Darwin systems
[1.033s] INFO:colcon.colcon_core.plugin_system:Skipping extension 'colcon_notification.desktop_notification.win32': Not used on non-Windows systems
[1.033s] INFO:colcon.colcon_notification.desktop_notification:Sending desktop notification using 'notify2'
[1.042s] DEBUG:colcon.colcon_core.event_reactor:joined thread
[1.042s] INFO:colcon.colcon_core.shell:Creating prefix script '/home/syfe/Desktop/ros2_hehe/install/local_setup.ps1'
[1.043s] INFO:colcon.colcon_core.shell:Creating prefix util module '/home/syfe/Desktop/ros2_hehe/install/_local_setup_util_ps1.py'
[1.043s] INFO:colcon.colcon_core.shell:Creating prefix chain script '/home/syfe/Desktop/ros2_hehe/install/setup.ps1'
[1.044s] INFO:colcon.colcon_core.shell:Creating prefix script '/home/syfe/Desktop/ros2_hehe/install/local_setup.sh'
[1.045s] INFO:colcon.colcon_core.shell:Creating prefix util module '/home/syfe/Desktop/ros2_hehe/install/_local_setup_util_sh.py'
[1.045s] INFO:colcon.colcon_core.shell:Creating prefix chain script '/home/syfe/Desktop/ros2_hehe/install/setup.sh'
[1.046s] INFO:colcon.colcon_core.shell:Creating prefix script '/home/syfe/Desktop/ros2_hehe/install/local_setup.bash'
[1.046s] INFO:colcon.colcon_core.shell:Creating prefix chain script '/home/syfe/Desktop/ros2_hehe/install/setup.bash'
[1.048s] INFO:colcon.colcon_core.shell:Creating prefix script '/home/syfe/Desktop/ros2_hehe/install/local_setup.zsh'
[1.048s] INFO:colcon.colcon_core.shell:Creating prefix chain script '/home/syfe/Desktop/ros2_hehe/install/setup.zsh'
